<?xml version="1.0" encoding="UTF-8"?>
<testsuite name="com.screenply.features.search.SearchByKeywordStory" time="28.367" tests="2" errors="1" skipped="0" failures="0">
  <properties>
[...]
</properties>
  <testcase name="search_results_should_show_the_search_term_in_the_text" classname="com.screenply.features.search.SearchByKeywordStory" time="19.038"/>
  <testcase name="search_results_should_show_the_search_term_in_the_text1" classname="com.screenply.features.search.SearchByKeywordStory" time="9.329">
    <error type="java.lang.NullPointerException:">java.lang.NullPointerException: null
	at net.serenitybdd.screenplay.EventBusInterface.reportStepFailureFor(EventBusInterface.java:16)
	at net.serenitybdd.screenplay.ErrorTally.recordError(ErrorTally.java:22)
	at net.serenitybdd.screenplay.Actor.check(Actor.java:175)
	at net.serenitybdd.screenplay.Actor.should(Actor.java:149)
	at com.screenply.features.search.SearchByKeywordStory.search_results_should_show_the_search_term_in_the_text1(SearchByKeywordStory.java:53)
</error>
    <system-err><![CDATA[[main] INFO net.thucydides.core.webdriver.SystemPropertiesConfiguration - project.build.directory : null
[main] INFO net.thucydides.core.webdriver.SystemPropertiesConfiguration - project.reporting.OutputDirectory : null
[main] INFO net.thucydides.core.webdriver.SystemPropertiesConfiguration - OutputDirectory : D:\Execution\Zbddsecreenply\target\site\serenity
[main] INFO net.serenitybdd.core.Serenity - 
        __    _____ _____ ____ _____   ____   _    ____  ____  _____ ____  
  _     \ \  |_   _| ____/ ___|_   _| |  _ \ / \  / ___|/ ___|| ____|  _ \ 
 (_)_____| |   | | |  _| \___ \ | |   | |_) / _ \ \___ \\___ \|  _| | | | |
  _|_____| |   | | | |___ ___) || |   |  __/ ___ \ ___) |___) | |___| |_| |
 (_)     | |   |_| |_____|____/ |_|   |_| /_/   \_\____/|____/|_____|____/ 
        /_/                                                                

TEST PASSED: Search results should show the search term in the text
----------------------------------------------------------------------------
[main] INFO net.serenitybdd.core.Serenity - Test Suite Started: Search by keyword story
[main] INFO net.serenitybdd.core.Serenity - 
 _____ _____ ____ _____   ____ _____  _    ____ _____ _____ ____  
|_   _| ____/ ___|_   _| / ___|_   _|/ \  |  _ \_   _| ____|  _ \ 
  | | |  _| \___ \ | |   \___ \ | | / _ \ | |_) || | |  _| | | | |
  | | | |___ ___) || |    ___) || |/ ___ \|  _ < | | | |___| |_| |
  |_| |_____|____/ |_|   |____/ |_/_/   \_\_| \_\|_| |_____|____/ 
                                                                  

TEST STARTED: search_results_should_show_the_search_term_in_the_text1
-------------------------------------------------------------------
[main] INFO net.serenitybdd.core.Serenity - TEST NUMBER: 2
]]></system-err>
  </testcase>
</testsuite>